<?xml version="1.0" encoding="UTF-8"?>
<!-- Generated by org.testng.reporters.JUnitReportReporter -->
<testsuite hostname="PUNL34WW3M2" failures="0" tests="1" name="HomePageTest" time="58.987" errors="0" timestamp="2022-10-12T11:14:22 IST" skipped="0">
  <testcase classname="HomePageTest" name="ToVerifyClickOnHome" time="58.987"/>
  <system-out/>
</testsuite> <!-- HomePageTest -->
